PHP Warning:  PHP Startup: Unable to load dynamic library '/usr/lib/php5/20131226-zts/php_intl' - /usr/lib/php5/20131226-zts/php_intl: cannot open shared object file: No such file or directory in Unknown on line 0
PHP Warning:  PHP Startup: Unable to load dynamic library '/usr/lib/php5/20131226-zts/php_intl' - /usr/lib/php5/20131226-zts/php_intl: cannot open shared object file: No such file or directory in Unknown on line 0
PHP Warning:  PHP Startup: Unable to load dynamic library '/usr/lib/php5/20131226-zts/php_intl' - /usr/lib/php5/20131226-zts/php_intl: cannot open shared object file: No such file or directory in Unknown on line 0
PHP Warning:  PHP Startup: Unable to load dynamic library '/usr/lib/php5/20131226-zts/php_intl' - /usr/lib/php5/20131226-zts/php_intl: cannot open shared object file: No such file or directory in Unknown on line 0
PHP Warning:  PHP Startup: Unable to load dynamic library '/usr/lib/php5/20131226-zts/php_intl' - /usr/lib/php5/20131226-zts/php_intl: cannot open shared object file: No such file or directory in Unknown on line 0
PHP Warning:  PHP Startup: Unable to load dynamic library '/usr/lib/php5/20131226-zts/php_intl' - /usr/lib/php5/20131226-zts/php_intl: cannot open shared object file: No such file or directory in Unknown on line 0
PHP Warning:  PHP Startup: Unable to load dynamic library '/usr/lib/php5/20131226-zts/php_intl' - /usr/lib/php5/20131226-zts/php_intl: cannot open shared object file: No such file or directory in Unknown on line 0
PHP Warning:  PHP Startup: Unable to load dynamic library '/usr/lib/php5/20131226-zts/php_intl' - /usr/lib/php5/20131226-zts/php_intl: cannot open shared object file: No such file or directory in Unknown on line 0
PHP Fatal error:  Call to undefined function homeURL() in /var/www/antoree.com/website-v5/storage/framework/views/b654f28b04d246eb7584a78f04f07bcd on line 10


                                                           
  [Symfony\Component\Debug\Exception\FatalErrorException]  
  Call to undefined function homeURL()                     
                                                           


<!DOCTYPE html>
<html>
<head lang="en">
    <meta charset="utf-8">
</head>
<body>
<h2>Your registration has been successfully applied</h2>

<div>
    Thank Nguyen Tuan Linh for registering at <a href="PHP Fatal error:  Call to undefined function homeURL() in /var/www/antoree.com/website-v5/storage/framework/views/b654f28b04d246eb7584a78f04f07bcd on line 10


                                                           
  [Symfony\Component\Debug\Exception\FatalErrorException]  
  Call to undefined function homeURL()                     
                                                           


<!DOCTYPE html>
<html>
<head lang="en">
    <meta charset="utf-8">
</head>
<body>
<h2>Your registration has been successfully applied</h2>

<div>
    Thank Nguyen Tuan Linh for registering at <a href="PHP Fatal error:  Call to undefined function homeURL() in /var/www/antoree.com/website-v5/storage/framework/views/b654f28b04d246eb7584a78f04f07bcd on line 10


                                                           
  [Symfony\Component\Debug\Exception\FatalErrorException]  
  Call to undefined function homeURL()                     
                                                           


<!DOCTYPE html>
<html>
<head lang="en">
    <meta charset="utf-8">
</head>
<body>
<h2>Your registration has been successfully applied</h2>

<div>
    Thank Nguyen Tuan Linh for registering at <a href="PHP Fatal error:  Call to undefined function homeURL() in /var/www/antoree.com/website-v5/storage/framework/views/b654f28b04d246eb7584a78f04f07bcd on line 10


                                                           
  [Symfony\Component\Debug\Exception\FatalErrorException]  
  Call to undefined function homeURL()                     
                                                           


<!DOCTYPE html>
<html>
<head lang="en">
    <meta charset="utf-8">
</head>
<body>
<h2>Your registration has been successfully applied</h2>

<div>
    Thank jaide bustamante for registering at <a href="PHP Fatal error:  Call to undefined function homeURL() in /var/www/antoree.com/website-v5/storage/framework/views/b654f28b04d246eb7584a78f04f07bcd on line 10


                                                           
  [Symfony\Component\Debug\Exception\FatalErrorException]  
  Call to undefined function homeURL()                     
                                                           


<!DOCTYPE html>
<html>
<head lang="en">
    <meta charset="utf-8">
</head>
<body>
<h2>Your registration has been successfully applied</h2>

<div>
    Thank Trương H&agrave; Phương for registering at <a href="PHP Fatal error:  Call to undefined function homeURL() in /var/www/antoree.com/website-v5/storage/framework/views/b654f28b04d246eb7584a78f04f07bcd on line 10


                                                           
  [Symfony\Component\Debug\Exception\FatalErrorException]  
  Call to undefined function homeURL()                     
                                                           


<!DOCTYPE html>
<html>
<head lang="en">
    <meta charset="utf-8">
</head>
<body>
<h2>Your registration has been successfully applied</h2>

<div>
    Thank Trương H&agrave; Phương for registering at <a href="PHP Fatal error:  Call to undefined function homeURL() in /var/www/antoree.com/website-v5/storage/framework/views/b654f28b04d246eb7584a78f04f07bcd on line 10


                                                           
  [Symfony\Component\Debug\Exception\FatalErrorException]  
  Call to undefined function homeURL()                     
                                                           


<!DOCTYPE html>
<html>
<head lang="en">
    <meta charset="utf-8">
</head>
<body>
<h2>Your registration has been successfully applied</h2>

<div>
    Thank Nguyễn Thị Nh&atilde; Vi for registering at <a href="PHP Fatal error:  Call to undefined function homeURL() in /var/www/antoree.com/website-v5/storage/framework/views/b654f28b04d246eb7584a78f04f07bcd on line 10


                                                           
  [Symfony\Component\Debug\Exception\FatalErrorException]  
  Call to undefined function homeURL()                     
                                                           


<!DOCTYPE html>
<html>
<head lang="en">
    <meta charset="utf-8">
</head>
<body>
<h2>Your registration has been successfully applied</h2>

<div>
    Thank Nguyễn Thị Nh&atilde; Vi for registering at <a href="